<?xml version="1.0" encoding="UTF-8"?>
<!-- Generated by org.testng.reporters.JUnitReportReporter -->
<testsuite skipped="0" hostname="DESKTOP-O5P2B5H" name="testNG_Basic.ParameterTest" tests="1" failures="0" timestamp="29 Jun 2019 16:19:04 GMT" time="30.974" errors="0">
  <testcase name="zebcoLogin" time="30.974" classname="testNG_Basic.ParameterTest"/>
</testsuite> <!-- testNG_Basic.ParameterTest -->
